2025-08-07 11:08:14,638 - INFO - Applications initialized successfully
2025-08-07 11:08:14,641 - INFO - Creating initial presentation...
2025-08-07 11:08:14,957 - INFO - Processing sheet: Excel2PowerPoint
2025-08-07 11:08:15,060 - INFO - Found chart: Sales% in Excel2PowerPoint
2025-08-07 11:08:15,237 - INFO - Created new presentation
2025-08-07 11:08:15,398 - ERROR - Method 1 failed, trying alternative method: (-2147352567, 'Exception occurred.', (0, 'Microsoft PowerPoint', 'Shapes.AddOLEObject : Invalid request.  ', '', 0, -2147188160), None)
2025-08-07 11:08:15,603 - ERROR - Copy-paste method failed: (-2147352567, 'Exception occurred.', (0, 'Microsoft PowerPoint', 'Shapes.PasteSpecial : Invalid request.  The specified data type is unavailable.', '', 0, -2147188160), None)
2025-08-07 11:08:16,509 - INFO - Created slide 1 with chart: Sales%
2025-08-07 11:08:16,591 - INFO - Presentation saved: C:\Users\LENOVO\Desktop\VPA\AutoGeneratedPresentation.pptx
2025-08-07 11:10:43,743 - INFO - Monitoring stopped by user
2025-08-07 11:10:46,067 - INFO - Applications cleaned up successfully
2025-08-07 11:10:46,067 - INFO - Applications cleaned up successfully
2025-08-07 11:10:49,832 - INFO - Found 1 chart objects in Excel2PowerPoint
2025-08-07 11:11:38,278 - INFO - Found 1 chart objects in Excel2PowerPoint
2025-08-07 11:13:12,315 - INFO - Found 1 chart objects in Excel2PowerPoint
2025-08-07 11:17:24,571 - INFO - Starting Excel to PowerPoint VPA System...
2025-08-07 11:17:25,620 - INFO - Applications initialized successfully
2025-08-07 11:17:25,622 - INFO - Creating initial presentation...
2025-08-07 11:17:25,623 - INFO - Extracting charts from Excel...
2025-08-07 11:17:25,898 - INFO - Opened Excel file: Excel To PowerPoint.xlsm
2025-08-07 11:17:25,921 - INFO - Scanning sheet: Excel2PowerPoint
2025-08-07 11:17:25,923 - INFO - Found 1 chart objects in Excel2PowerPoint
2025-08-07 11:17:25,950 - INFO - Found chart: 'Sales%' in sheet 'Excel2PowerPoint'
2025-08-07 11:17:25,958 - INFO - Creating PowerPoint presentation...
2025-08-07 11:17:26,256 - INFO - 📂 Opened existing presentation
2025-08-07 11:17:26,956 - INFO - Creating slide 1 for chart: Sales%
2025-08-07 11:17:28,601 - INFO - Successfully pasted linked chart: Sales%
2025-08-07 11:17:29,512 - INFO - Presentation saved: AutoGeneratedPresentation.pptx
2025-08-07 11:17:30,315 - INFO - Initial presentation created successfully!
2025-08-07 11:17:30,315 - INFO - Monitoring Excel file for changes...
2025-08-07 11:17:55,323 - INFO - Excel file change detected! Updating presentation...
2025-08-07 11:17:55,323 - INFO - Extracting charts from Excel...
2025-08-07 11:17:55,556 - INFO - Opened Excel file: Excel To PowerPoint.xlsm
2025-08-07 11:17:55,572 - INFO - Scanning sheet: Excel2PowerPoint
2025-08-07 11:17:55,572 - INFO - Found 1 chart objects in Excel2PowerPoint
2025-08-07 11:17:55,603 - INFO - Found chart: 'Sales%' in sheet 'Excel2PowerPoint'
2025-08-07 11:17:55,614 - INFO - Creating PowerPoint presentation...
2025-08-07 11:17:55,968 - INFO - 📂 Opened existing presentation
2025-08-07 11:17:56,490 - INFO - Creating slide 1 for chart: Sales%
2025-08-07 11:17:58,630 - INFO - Successfully pasted linked chart: Sales%
2025-08-07 11:17:58,809 - ERROR - Error creating presentation: (-2147352567, 'Exception occurred.', (0, 'Microsoft PowerPoint', 'Presentation.Save : This presentation is read-only and must be saved with a different name.', '', 0, -2147467259), None)
2025-08-07 11:17:58,872 - ERROR - Error in process_excel_and_create_presentation: (-2147417848, 'The object invoked has disconnected from its clients.', None, None)
2025-08-07 11:17:58,879 - ERROR - Failed to update presentation
2025-08-07 11:18:13,884 - INFO - Excel file change detected! Updating presentation...
2025-08-07 11:18:13,884 - INFO - Extracting charts from Excel...
2025-08-07 11:18:14,115 - INFO - Opened Excel file: Excel To PowerPoint.xlsm
2025-08-07 11:18:14,120 - INFO - Scanning sheet: Excel2PowerPoint
2025-08-07 11:18:14,131 - INFO - Found 1 chart objects in Excel2PowerPoint
2025-08-07 11:18:14,163 - INFO - Found chart: 'Sales%' in sheet 'Excel2PowerPoint'
2025-08-07 11:18:14,163 - INFO - Creating PowerPoint presentation...
2025-08-07 11:18:14,337 - INFO - 📂 Opened existing presentation
2025-08-07 11:18:14,723 - INFO - Creating slide 1 for chart: Sales%
2025-08-07 11:18:14,787 - ERROR - Copy-paste failed for Sales%: (-2146827864, 'OLE error 0x800a01a8', None, None)
2025-08-07 11:18:14,805 - ERROR - OLE embedding failed for Sales%: (-2147352567, 'Exception occurred.', (0, 'Microsoft PowerPoint', 'Shapes.AddOLEObject : Invalid request.  ', '', 0, -2147188160), None)
2025-08-07 11:18:14,819 - WARNING - Could not embed chart: Sales%
2025-08-07 11:18:14,835 - ERROR - Error creating presentation: (-2147352567, 'Exception occurred.', (0, 'Microsoft PowerPoint', 'Presentation.Save : This presentation is read-only and must be saved with a different name.', '', 0, -2147467259), None)
2025-08-07 11:18:14,893 - ERROR - Error in process_excel_and_create_presentation: (-2147417848, 'The object invoked has disconnected from its clients.', None, None)
2025-08-07 11:18:14,897 - ERROR - Failed to update presentation
2025-08-07 11:18:59,904 - INFO - Excel file change detected! Updating presentation...
2025-08-07 11:18:59,905 - INFO - Extracting charts from Excel...
2025-08-07 11:19:00,134 - INFO - Opened Excel file: Excel To PowerPoint.xlsm
2025-08-07 11:19:00,142 - INFO - Scanning sheet: Excel2PowerPoint
2025-08-07 11:19:00,142 - INFO - Found 1 chart objects in Excel2PowerPoint
2025-08-07 11:19:00,173 - INFO - Found chart: 'Sales%' in sheet 'Excel2PowerPoint'
2025-08-07 11:19:00,181 - INFO - Creating PowerPoint presentation...
2025-08-07 11:19:00,392 - INFO - 📂 Opened existing presentation
2025-08-07 11:19:00,595 - INFO - Creating slide 1 for chart: Sales%
2025-08-07 11:19:02,009 - INFO - Successfully pasted linked chart: Sales%
2025-08-07 11:19:02,462 - INFO - Presentation saved: AutoGeneratedPresentation.pptx
2025-08-07 11:19:03,218 - INFO - PowerPoint presentation updated successfully!
2025-08-07 11:19:34,432 - INFO - Monitoring stopped by user
2025-08-07 11:19:36,744 - INFO - Applications cleaned up successfully
2025-08-07 11:19:36,744 - INFO - Applications cleaned up successfully
2025-08-07 11:20:23,759 - INFO - Starting Excel to PowerPoint VPA System...
2025-08-07 11:20:24,926 - INFO - Applications initialized successfully
2025-08-07 11:20:24,938 - INFO - Creating initial presentation...
2025-08-07 11:20:24,938 - INFO - Extracting charts from Excel...
2025-08-07 11:20:25,277 - INFO - Opened Excel file: Excel To PowerPoint.xlsm
2025-08-07 11:20:25,303 - INFO - Scanning sheet: Excel2PowerPoint
2025-08-07 11:20:25,306 - INFO - Found 1 chart objects in Excel2PowerPoint
2025-08-07 11:20:25,329 - INFO - Found chart: 'Sales%' in sheet 'Excel2PowerPoint'
2025-08-07 11:20:25,338 - INFO - Creating PowerPoint presentation...
2025-08-07 11:20:25,532 - INFO - Created new presentation
2025-08-07 11:20:25,532 - INFO - Creating slide 1 for chart: Sales%
2025-08-07 11:20:27,418 - INFO - Successfully pasted linked chart: Sales%
2025-08-07 11:20:28,106 - INFO - Presentation saved: AutoGeneratedPresentation.pptx
2025-08-07 11:20:29,146 - INFO - Initial presentation created successfully!
2025-08-07 11:20:29,146 - INFO - Monitoring Excel file for changes...
2025-08-07 11:20:59,150 - INFO - Excel file change detected! Updating presentation...
2025-08-07 11:20:59,150 - INFO - Extracting charts from Excel...
2025-08-07 11:20:59,440 - INFO - Opened Excel file: Excel To PowerPoint.xlsm
2025-08-07 11:20:59,463 - INFO - Scanning sheet: Excel2PowerPoint
2025-08-07 11:20:59,469 - INFO - Found 1 chart objects in Excel2PowerPoint
2025-08-07 11:20:59,505 - INFO - Found chart: 'Sales%' in sheet 'Excel2PowerPoint'
2025-08-07 11:20:59,521 - INFO - Creating PowerPoint presentation...
2025-08-07 11:20:59,738 - INFO - 📂 Opened existing presentation
2025-08-07 11:21:00,257 - INFO - Creating slide 1 for chart: Sales%
2025-08-07 11:21:01,930 - INFO - Successfully pasted linked chart: Sales%
2025-08-07 11:21:02,128 - ERROR - Error creating presentation: (-2147352567, 'Exception occurred.', (0, 'Microsoft PowerPoint', 'Presentation.Save : This presentation is read-only and must be saved with a different name.', '', 0, -2147467259), None)
2025-08-07 11:21:03,064 - ERROR - Failed to update presentation
2025-08-07 11:24:38,722 - INFO - Monitoring stopped by user
2025-08-07 11:24:41,034 - INFO - Applications cleaned up successfully
2025-08-07 11:24:41,034 - INFO - Applications cleaned up successfully
2025-08-07 11:25:33,116 - INFO - Starting Excel to PowerPoint VPA System...
2025-08-07 11:25:33,755 - INFO - Applications initialized successfully
2025-08-07 11:25:33,755 - INFO - Creating initial presentation...
2025-08-07 11:25:33,756 - INFO - Extracting charts from Excel...
2025-08-07 11:25:33,827 - INFO - Opened Excel file: Excel To PowerPoint.xlsm
2025-08-07 11:25:33,857 - INFO - Scanning sheet: Excel2PowerPoint
2025-08-07 11:25:33,865 - INFO - Found 1 chart objects in Excel2PowerPoint
2025-08-07 11:25:33,913 - INFO - Found chart: 'Sales%' in sheet 'Excel2PowerPoint'
2025-08-07 11:25:33,918 - INFO - Creating PowerPoint presentation...
2025-08-07 11:25:34,154 - INFO - Created new presentation
2025-08-07 11:25:34,154 - INFO - Creating slide 1 for chart: Sales%
2025-08-07 11:25:35,885 - INFO - Successfully pasted linked chart: Sales%
2025-08-07 11:25:36,515 - INFO - Presentation saved: AutoGeneratedPresentation.pptx
2025-08-07 11:25:37,652 - INFO - Initial presentation created successfully!
2025-08-07 11:25:37,656 - INFO - Monitoring Excel file for changes...
2025-08-07 11:27:09,993 - INFO - Monitoring stopped by user
2025-08-07 11:27:12,248 - INFO - Applications cleaned up successfully
2025-08-07 11:27:12,248 - INFO - Applications cleaned up successfully
2025-08-07 11:37:13,292 - INFO - Starting Excel to PowerPoint VPA System...
2025-08-07 11:37:14,258 - INFO - Applications initialized successfully
2025-08-07 11:37:14,258 - INFO - Creating initial presentation...
2025-08-07 11:37:14,258 - INFO - Extracting charts from Excel...
2025-08-07 11:37:14,546 - INFO - Opened Excel file: test2.xlsx
2025-08-07 11:37:14,555 - INFO - Scanning sheet: Sheet1
2025-08-07 11:37:14,559 - INFO - Found 2 chart objects in Sheet1
2025-08-07 11:37:14,575 - INFO - Found chart: 'Chart Title' in sheet 'Sheet1'
2025-08-07 11:37:14,579 - INFO - Found chart: 'marks' in sheet 'Sheet1'
2025-08-07 11:37:14,581 - INFO - Creating PowerPoint presentation...
2025-08-07 11:37:14,741 - INFO - Created new presentation
2025-08-07 11:37:14,745 - INFO - Creating slide 1 for chart: Chart Title
2025-08-07 11:37:15,293 - INFO - Successfully pasted linked chart: Chart Title
2025-08-07 11:37:15,316 - INFO - Creating slide 2 for chart: marks
2025-08-07 11:37:15,556 - INFO - Successfully pasted linked chart: marks
2025-08-07 11:37:15,668 - INFO - Presentation saved: AutoGeneratedPpt.pptx
2025-08-07 11:37:15,804 - INFO - Initial presentation created successfully!
2025-08-07 11:37:15,805 - INFO - Monitoring Excel file for changes...
2025-08-07 11:38:05,811 - INFO - Excel file change detected! Updating presentation...
2025-08-07 11:38:05,811 - INFO - Extracting charts from Excel...
2025-08-07 11:38:05,929 - INFO - Opened Excel file: test2.xlsx
2025-08-07 11:38:05,933 - INFO - Scanning sheet: Sheet1
2025-08-07 11:38:05,937 - INFO - Found 2 chart objects in Sheet1
2025-08-07 11:38:05,945 - INFO - Found chart: 'Chart Title' in sheet 'Sheet1'
2025-08-07 11:38:05,955 - INFO - Found chart: 'marks' in sheet 'Sheet1'
2025-08-07 11:38:05,956 - INFO - Creating PowerPoint presentation...
2025-08-07 11:38:06,118 - INFO - 📂 Opened existing presentation
2025-08-07 11:38:06,252 - INFO - Creating slide 1 for chart: Chart Title
2025-08-07 11:38:06,778 - INFO - Successfully pasted linked chart: Chart Title
2025-08-07 11:38:06,802 - INFO - Creating slide 2 for chart: marks
2025-08-07 11:38:07,012 - INFO - Successfully pasted linked chart: marks
2025-08-07 11:38:07,097 - INFO - Presentation saved: AutoGeneratedPpt.pptx
2025-08-07 11:38:07,238 - INFO - PowerPoint presentation updated successfully!
2025-08-07 11:38:25,038 - INFO - Monitoring stopped by user
2025-08-07 11:38:29,610 - INFO - Applications cleaned up successfully
2025-08-07 11:38:29,611 - INFO - Applications cleaned up successfully
